<?xml version="1.0" encoding="UTF-8"?>
<testsuite name="registerTests.registerTests.UserTest" tests="4" skipped="2" failures="0" errors="0" timestamp="2017-05-27T22:24:09" hostname="localhost" time="1.683">
  <properties/>
  <testcase name="findUserByLoginAndPasswordIfNotExist" classname="registerTests.registerTests.UserTest" time="1.509"/>
  <testcase name="addTest" classname="registerTests.registerTests.UserTest" time="0.0">
    <skipped/>
  </testcase>
  <testcase name="addUserIfIncorrect" classname="registerTests.registerTests.UserTest" time="0.17"/>
  <testcase name="findUserById" classname="registerTests.registerTests.UserTest" time="0.0">
    <skipped/>
  </testcase>
  <system-out><![CDATA[]]></system-out>
  <system-err><![CDATA[maj 28, 2017 12:24:09 AM org.hibernate.Version logVersion
INFO: HHH000412: Hibernate Core {5.2.10.Final}
maj 28, 2017 12:24:09 AM org.hibernate.cfg.Environment <clinit>
INFO: HHH000206: hibernate.properties not found
maj 28, 2017 12:24:09 AM org.hibernate.annotations.common.reflection.java.JavaReflectionManager <clinit>
INFO: HCANN000001: Hibernate Commons Annotations {5.0.1.Final}
maj 28, 2017 12:24:09 AM org.hibernate.engine.jdbc.connections.internal.DriverManagerConnectionProviderImpl configure
WARN: HHH10001002: Using Hibernate built-in connection pool (not for production use!)
maj 28, 2017 12:24:09 AM org.hibernate.engine.jdbc.connections.internal.DriverManagerConnectionProviderImpl buildCreator
INFO: HHH10001005: using driver [org.h2.Driver] at URL [jdbc:h2:mem:]
maj 28, 2017 12:24:09 AM org.hibernate.engine.jdbc.connections.internal.DriverManagerConnectionProviderImpl buildCreator
INFO: HHH10001001: Connection properties: {}
maj 28, 2017 12:24:09 AM org.hibernate.engine.jdbc.connections.internal.DriverManagerConnectionProviderImpl buildCreator
INFO: HHH10001003: Autocommit mode: false
maj 28, 2017 12:24:09 AM org.hibernate.engine.jdbc.connections.internal.PooledConnections <init>
INFO: HHH000115: Hibernate connection pool size: 20 (min=1)
maj 28, 2017 12:24:09 AM org.hibernate.dialect.Dialect <init>
INFO: HHH000400: Using dialect: org.hibernate.dialect.H2Dialect
maj 28, 2017 12:24:10 AM org.hibernate.validator.internal.util.Version <clinit>
INFO: HV000001: Hibernate Validator 5.4.1.Final
maj 28, 2017 12:24:10 AM org.hibernate.resource.transaction.backend.jdbc.internal.DdlTransactionIsolatorNonJtaImpl getIsolatedConnection
INFO: HHH10001501: Connection obtained from JdbcConnectionAccess [org.hibernate.engine.jdbc.env.internal.JdbcEnvironmentInitiator$ConnectionProviderJdbcConnectionAccess@4c90be81] for (non-JTA) DDL execution was not in auto-commit mode; the Connection 'local transaction' will be committed and the Connection will be set into auto-commit mode.
maj 28, 2017 12:24:10 AM org.hibernate.hql.internal.QueryTranslatorFactoryInitiator initiateService
INFO: HHH000397: Using ASTQueryTranslatorFactory
maj 28, 2017 12:24:10 AM org.hibernate.engine.jdbc.connections.internal.DriverManagerConnectionProviderImpl configure
WARN: HHH10001002: Using Hibernate built-in connection pool (not for production use!)
maj 28, 2017 12:24:10 AM org.hibernate.engine.jdbc.connections.internal.DriverManagerConnectionProviderImpl buildCreator
INFO: HHH10001005: using driver [org.h2.Driver] at URL [jdbc:h2:mem:]
maj 28, 2017 12:24:10 AM org.hibernate.engine.jdbc.connections.internal.DriverManagerConnectionProviderImpl buildCreator
INFO: HHH10001001: Connection properties: {}
maj 28, 2017 12:24:10 AM org.hibernate.engine.jdbc.connections.internal.DriverManagerConnectionProviderImpl buildCreator
INFO: HHH10001003: Autocommit mode: false
maj 28, 2017 12:24:10 AM org.hibernate.engine.jdbc.connections.internal.PooledConnections <init>
INFO: HHH000115: Hibernate connection pool size: 20 (min=1)
maj 28, 2017 12:24:10 AM org.hibernate.dialect.Dialect <init>
INFO: HHH000400: Using dialect: org.hibernate.dialect.H2Dialect
maj 28, 2017 12:24:11 AM org.hibernate.resource.transaction.backend.jdbc.internal.DdlTransactionIsolatorNonJtaImpl getIsolatedConnection
INFO: HHH10001501: Connection obtained from JdbcConnectionAccess [org.hibernate.engine.jdbc.env.internal.JdbcEnvironmentInitiator$ConnectionProviderJdbcConnectionAccess@2d25e344] for (non-JTA) DDL execution was not in auto-commit mode; the Connection 'local transaction' will be committed and the Connection will be set into auto-commit mode.
]]></system-err>
</testsuite>
