<?xml version="1.0" encoding="UTF-8"?>
<testsuite name="registerTests.registerTests.registerTests" tests="2" skipped="1" failures="0" errors="0" timestamp="2017-05-27T22:24:11" hostname="localhost" time="0.177">
  <properties/>
  <testcase name="loginTest" classname="registerTests.registerTests.registerTests" time="0.0">
    <skipped/>
  </testcase>
  <testcase name="registerWithPeselTooShortTest" classname="registerTests.registerTests.registerTests" time="0.177"/>
  <system-out><![CDATA[]]></system-out>
  <system-err><![CDATA[maj 28, 2017 12:24:11 AM org.hibernate.engine.jdbc.connections.internal.DriverManagerConnectionProviderImpl configure
WARN: HHH10001002: Using Hibernate built-in connection pool (not for production use!)
maj 28, 2017 12:24:11 AM org.hibernate.engine.jdbc.connections.internal.DriverManagerConnectionProviderImpl buildCreator
INFO: HHH10001005: using driver [org.h2.Driver] at URL [jdbc:h2:mem:]
maj 28, 2017 12:24:11 AM org.hibernate.engine.jdbc.connections.internal.DriverManagerConnectionProviderImpl buildCreator
INFO: HHH10001001: Connection properties: {}
maj 28, 2017 12:24:11 AM org.hibernate.engine.jdbc.connections.internal.DriverManagerConnectionProviderImpl buildCreator
INFO: HHH10001003: Autocommit mode: false
maj 28, 2017 12:24:11 AM org.hibernate.engine.jdbc.connections.internal.PooledConnections <init>
INFO: HHH000115: Hibernate connection pool size: 20 (min=1)
maj 28, 2017 12:24:11 AM org.hibernate.dialect.Dialect <init>
INFO: HHH000400: Using dialect: org.hibernate.dialect.H2Dialect
maj 28, 2017 12:24:11 AM org.hibernate.resource.transaction.backend.jdbc.internal.DdlTransactionIsolatorNonJtaImpl getIsolatedConnection
INFO: HHH10001501: Connection obtained from JdbcConnectionAccess [org.hibernate.engine.jdbc.env.internal.JdbcEnvironmentInitiator$ConnectionProviderJdbcConnectionAccess@4d42b1a8] for (non-JTA) DDL execution was not in auto-commit mode; the Connection 'local transaction' will be committed and the Connection will be set into auto-commit mode.
]]></system-err>
</testsuite>
